<?xml version="1.0" encoding="UTF-8"?>
<!-- Generated by org.testng.reporters.JUnitReportReporter -->
<testsuite name="com.course.cases.LoginTest" tests="2" time="1.470" ignored="0" failures="0" timestamp="16 十二月 2019 09:08:49 GMT" skipped="0" hostname="LAPTOP-GGDPBTJ0" errors="0">
  <testcase name="loginFalse" time="0.052" classname="com.course.cases.LoginTest"/>
  <testcase name="loginTrue" time="1.418" classname="com.course.cases.LoginTest"/>
</testsuite> <!-- com.course.cases.LoginTest -->
