<?xml version="1.0" encoding="UTF-8"?>
<!-- Generated by org.testng.reporters.JUnitReportReporter -->
<testsuite name="com.course.cases.GetUserInfoListTest" tests="1" time="0.030" ignored="0" failures="0" timestamp="16 十二月 2019 09:08:49 GMT" skipped="0" hostname="LAPTOP-GGDPBTJ0" errors="0">
  <testcase name="getUserListInfo" time="0.030" classname="com.course.cases.GetUserInfoListTest"/>
</testsuite> <!-- com.course.cases.GetUserInfoListTest -->
