<?xml version="1.0" encoding="UTF-8"?>
<!-- Generated by org.testng.reporters.JUnitReportReporter -->
<testsuite name="com.course.cases.GetUserInfoTest" tests="1" time="2.079" ignored="0" failures="0" timestamp="16 十二月 2019 09:08:49 GMT" skipped="0" hostname="LAPTOP-GGDPBTJ0" errors="0">
  <testcase name="getUserInfo" time="2.079" classname="com.course.cases.GetUserInfoTest"/>
</testsuite> <!-- com.course.cases.GetUserInfoTest -->
