<?xml version="1.0" encoding="UTF-8"?>
<!-- Generated by org.testng.reporters.JUnitReportReporter -->
<testsuite name="com.course.cases.UpdateUserInfoTest" tests="2" time="10.074" ignored="0" failures="0" timestamp="16 十二月 2019 09:08:49 GMT" skipped="0" hostname="LAPTOP-GGDPBTJ0" errors="0">
  <testcase name="updateUserInfo" time="5.049" classname="com.course.cases.UpdateUserInfoTest"/>
  <testcase name="deleteUser" time="5.025" classname="com.course.cases.UpdateUserInfoTest"/>
</testsuite> <!-- com.course.cases.UpdateUserInfoTest -->
